C:\USERS\MATTHIAS HANSERT\DOCUMENTS\VISUAL STUDIO 2010\PROJECTS\BA_GUI1\BA_GUI1\DEBUG\BA_GUI1.EXE.EMBED.MANIFEST
C:\USERS\MATTHIAS HANSERT\DOCUMENTS\VISUAL STUDIO 2010\PROJECTS\BA_GUI1\BA_GUI1\DEBUG\BA_GUI1.EXE.EMBED.MANIFEST.RES
C:\USERS\MATTHIAS HANSERT\DOCUMENTS\VISUAL STUDIO 2010\PROJECTS\BA_GUI1\BA_GUI1\DEBUG\BA_GUI1.EXE.INTERMEDIATE.MANIFEST
C:\Users\Matthias Hansert\Documents\Visual Studio 2010\Projects\ba_gui1\ba_gui1\Debug\ba_gui1_manifest.rc
C:\Users\Matthias Hansert\Documents\Visual Studio 2010\Projects\ba_gui1\ba_gui1\Debug\cl.command.1.tlog
C:\Users\Matthias Hansert\Documents\Visual Studio 2010\Projects\ba_gui1\ba_gui1\Debug\CL.read.1.tlog
C:\Users\Matthias Hansert\Documents\Visual Studio 2010\Projects\ba_gui1\ba_gui1\Debug\CL.write.1.tlog
C:\USERS\MATTHIAS HANSERT\DOCUMENTS\VISUAL STUDIO 2010\PROJECTS\BA_GUI1\BA_GUI1\DEBUG\COM.OBJ
C:\USERS\MATTHIAS HANSERT\DOCUMENTS\VISUAL STUDIO 2010\PROJECTS\BA_GUI1\BA_GUI1\DEBUG\FILEMANAGER.OBJ
C:\USERS\MATTHIAS HANSERT\DOCUMENTS\VISUAL STUDIO 2010\PROJECTS\BA_GUI1\BA_GUI1\DEBUG\INTERPRETER.OBJ
C:\Users\Matthias Hansert\Documents\Visual Studio 2010\Projects\ba_gui1\ba_gui1\Debug\link.1052.read.1.tlog
C:\Users\Matthias Hansert\Documents\Visual Studio 2010\Projects\ba_gui1\ba_gui1\Debug\link.1052.write.1.tlog
C:\Users\Matthias Hansert\Documents\Visual Studio 2010\Projects\ba_gui1\ba_gui1\Debug\link.1052-cvtres.read.1.tlog
C:\Users\Matthias Hansert\Documents\Visual Studio 2010\Projects\ba_gui1\ba_gui1\Debug\link.1052-cvtres.write.1.tlog
C:\Users\Matthias Hansert\Documents\Visual Studio 2010\Projects\ba_gui1\ba_gui1\Debug\link.3516.read.1.tlog
C:\Users\Matthias Hansert\Documents\Visual Studio 2010\Projects\ba_gui1\ba_gui1\Debug\link.3516.write.1.tlog
C:\Users\Matthias Hansert\Documents\Visual Studio 2010\Projects\ba_gui1\ba_gui1\Debug\link.3516-cvtres.read.1.tlog
C:\Users\Matthias Hansert\Documents\Visual Studio 2010\Projects\ba_gui1\ba_gui1\Debug\link.3516-cvtres.write.1.tlog
C:\Users\Matthias Hansert\Documents\Visual Studio 2010\Projects\ba_gui1\ba_gui1\Debug\link.command.1.tlog
C:\Users\Matthias Hansert\Documents\Visual Studio 2010\Projects\ba_gui1\ba_gui1\Debug\link.read.1.tlog
C:\Users\Matthias Hansert\Documents\Visual Studio 2010\Projects\ba_gui1\ba_gui1\Debug\link.write.1.tlog
C:\Users\Matthias Hansert\Documents\Visual Studio 2010\Projects\ba_gui1\ba_gui1\Debug\link-cvtres.read.1.tlog
C:\Users\Matthias Hansert\Documents\Visual Studio 2010\Projects\ba_gui1\ba_gui1\Debug\link-cvtres.write.1.tlog
C:\USERS\MATTHIAS HANSERT\DOCUMENTS\VISUAL STUDIO 2010\PROJECTS\BA_GUI1\BA_GUI1\DEBUG\LOGGER.OBJ
C:\USERS\MATTHIAS HANSERT\DOCUMENTS\VISUAL STUDIO 2010\PROJECTS\BA_GUI1\BA_GUI1\DEBUG\MAIN.OBJ
C:\Users\Matthias Hansert\Documents\Visual Studio 2010\Projects\ba_gui1\ba_gui1\Debug\mt.command.1.tlog
C:\Users\Matthias Hansert\Documents\Visual Studio 2010\Projects\ba_gui1\ba_gui1\Debug\mt.read.1.tlog
C:\Users\Matthias Hansert\Documents\Visual Studio 2010\Projects\ba_gui1\ba_gui1\Debug\mt.write.1.tlog
C:\USERS\MATTHIAS HANSERT\DOCUMENTS\VISUAL STUDIO 2010\PROJECTS\BA_GUI1\BA_GUI1\DEBUG\PORTHANDLER.OBJ
C:\Users\Matthias Hansert\Documents\Visual Studio 2010\Projects\ba_gui1\ba_gui1\Debug\rc.command.1.tlog
C:\Users\Matthias Hansert\Documents\Visual Studio 2010\Projects\ba_gui1\ba_gui1\Debug\rc.read.1.tlog
C:\Users\Matthias Hansert\Documents\Visual Studio 2010\Projects\ba_gui1\ba_gui1\Debug\rc.write.1.tlog
C:\USERS\MATTHIAS HANSERT\DOCUMENTS\VISUAL STUDIO 2010\PROJECTS\BA_GUI1\BA_GUI1\DEBUG\TESTPROPERTIES.OBJ
C:\USERS\MATTHIAS HANSERT\DOCUMENTS\VISUAL STUDIO 2010\PROJECTS\BA_GUI1\BA_GUI1\DEBUG\TOOLS.OBJ
C:\Users\Matthias Hansert\Documents\Visual Studio 2010\Projects\ba_gui1\ba_gui1\Debug\vc100.idb
C:\USERS\MATTHIAS HANSERT\DOCUMENTS\VISUAL STUDIO 2010\PROJECTS\BA_GUI1\BA_GUI1\DEBUG\VC100.PDB
C:\USERS\MATTHIAS HANSERT\DOCUMENTS\VISUAL STUDIO 2010\PROJECTS\BA_GUI1\BA_GUI1\DEBUG\WINDOW.OBJ
C:\USERS\MATTHIAS HANSERT\DOCUMENTS\VISUAL STUDIO 2010\PROJECTS\BA_GUI1\DEBUG\BA_GUI1.EXE
C:\USERS\MATTHIAS HANSERT\DOCUMENTS\VISUAL STUDIO 2010\PROJECTS\BA_GUI1\DEBUG\BA_GUI1.ILK
C:\USERS\MATTHIAS HANSERT\DOCUMENTS\VISUAL STUDIO 2010\PROJECTS\BA_GUI1\DEBUG\BA_GUI1.PDB
