C:\PROGRAMDATA\BROWSERDEFENDER\2.6.1519.190\{C16C1CCB-7046-4E5C-A2F3-533AD2FEC8E8}\BROWSERDEFENDER.SETTINGS
C:\PROGRAMDATA\BROWSERDEFENDER\2.6.1519.190\{C16C1CCB-7046-4E5C-A2F3-533AD2FEC8E8}\TRAKING_SETTINGS\00
C:\PROGRAMDATA\BROWSERDEFENDER\2.6.1519.190\{C16C1CCB-7046-4E5C-A2F3-533AD2FEC8E8}\TRAKING_SETTINGS\01
C:\PROGRAMDATA\BROWSERDEFENDER\2.6.1519.190\{C16C1CCB-7046-4E5C-A2F3-533AD2FEC8E8}\TRAKING_SETTINGS\02
C:\PROGRAMDATA\BROWSERDEFENDER\2.6.1519.190\{C16C1CCB-7046-4E5C-A2F3-533AD2FEC8E8}\TRAKING_SETTINGS\03
C:\PROGRAMDATA\BROWSERDEFENDER\2.6.1519.190\{C16C1CCB-7046-4E5C-A2F3-533AD2FEC8E8}\TRAKING_SETTINGS\10
C:\PROGRAMDATA\BROWSERDEFENDER\2.6.1519.190\{C16C1CCB-7046-4E5C-A2F3-533AD2FEC8E8}\TRAKING_SETTINGS\11
C:\PROGRAMDATA\BROWSERDEFENDER\2.6.1519.190\{C16C1CCB-7046-4E5C-A2F3-533AD2FEC8E8}\TRAKING_SETTINGS\12
C:\PROGRAMDATA\BROWSERDEFENDER\2.6.1519.190\{C16C1CCB-7046-4E5C-A2F3-533AD2FEC8E8}\TRAKING_SETTINGS\13
C:\PROGRAMDATA\BROWSERDEFENDER\2.6.1519.190\{C16C1CCB-7046-4E5C-A2F3-533AD2FEC8E8}\TRAKING_SETTINGS\20
C:\PROGRAMDATA\BROWSERDEFENDER\2.6.1519.190\{C16C1CCB-7046-4E5C-A2F3-533AD2FEC8E8}\TRAKING_SETTINGS\21
C:\PROGRAMDATA\BROWSERDEFENDER\2.6.1519.190\{C16C1CCB-7046-4E5C-A2F3-533AD2FEC8E8}\TRAKING_SETTINGS\22
C:\PROGRAMDATA\BROWSERDEFENDER\2.6.1519.190\{C16C1CCB-7046-4E5C-A2F3-533AD2FEC8E8}\TRAKING_SETTINGS\23
C:\USERS\BENJAMIN\DOCUMENTS\GITHUB\BA_GUI1\RELEASE\AUTOMATICTEST.OBJ
C:\USERS\BENJAMIN\DOCUMENTS\GITHUB\BA_GUI1\RELEASE\BA_GUI1.EXE
C:\USERS\BENJAMIN\DOCUMENTS\GITHUB\BA_GUI1\RELEASE\BA_GUI1.EXE.INTERMEDIATE.MANIFEST
C:\USERS\BENJAMIN\DOCUMENTS\GITHUB\BA_GUI1\RELEASE\BA_GUI1.PDB
C:\USERS\BENJAMIN\DOCUMENTS\GITHUB\BA_GUI1\RELEASE\COM.OBJ
C:\USERS\BENJAMIN\DOCUMENTS\GITHUB\BA_GUI1\RELEASE\FIXEDTEST.OBJ
C:\USERS\BENJAMIN\DOCUMENTS\GITHUB\BA_GUI1\RELEASE\INIFILEHANDLER.OBJ
C:\USERS\BENJAMIN\DOCUMENTS\GITHUB\BA_GUI1\RELEASE\INTERPRETER.OBJ
C:\USERS\BENJAMIN\DOCUMENTS\GITHUB\BA_GUI1\RELEASE\LOGGER.OBJ
C:\USERS\BENJAMIN\DOCUMENTS\GITHUB\BA_GUI1\RELEASE\MAIN.OBJ
C:\USERS\BENJAMIN\DOCUMENTS\GITHUB\BA_GUI1\RELEASE\PORTCOMMUNICATIONS.OBJ
C:\USERS\BENJAMIN\DOCUMENTS\GITHUB\BA_GUI1\RELEASE\TESTMANAGER.OBJ
C:\USERS\BENJAMIN\DOCUMENTS\GITHUB\BA_GUI1\RELEASE\TOOLS.OBJ
C:\USERS\BENJAMIN\DOCUMENTS\GITHUB\BA_GUI1\RELEASE\TRANSFERFILEHANDLER.OBJ
C:\USERS\BENJAMIN\DOCUMENTS\GITHUB\BA_GUI1\RELEASE\VC100.PDB
C:\USERS\BENJAMIN\DOCUMENTS\GITHUB\BA_GUI1\RELEASE\WINDOW.OBJ
C:\USERS\BENJAMIN\DOCUMENTS\GITHUB\BA_GUI1\RELEASE\WOBBLETEST.OBJ
C:\USERS\M.HANSERTVIVAR\DOCUMENTS\VISUAL STUDIO 2010\PROJECTS\BA_GUI1\BA_GUI1\RELEASE\BA_GUI1.EXE.INTERMEDIATE.MANIFEST
C:\Users\m.hansertvivar\Documents\Visual Studio 2010\Projects\ba_gui1\ba_gui1\Release\cl.command.1.tlog
C:\Users\m.hansertvivar\Documents\Visual Studio 2010\Projects\ba_gui1\ba_gui1\Release\CL.read.1.tlog
C:\Users\m.hansertvivar\Documents\Visual Studio 2010\Projects\ba_gui1\ba_gui1\Release\CL.write.1.tlog
C:\USERS\M.HANSERTVIVAR\DOCUMENTS\VISUAL STUDIO 2010\PROJECTS\BA_GUI1\BA_GUI1\RELEASE\COM.OBJ
C:\USERS\M.HANSERTVIVAR\DOCUMENTS\VISUAL STUDIO 2010\PROJECTS\BA_GUI1\BA_GUI1\RELEASE\FILEMANAGER.OBJ
C:\USERS\M.HANSERTVIVAR\DOCUMENTS\VISUAL STUDIO 2010\PROJECTS\BA_GUI1\BA_GUI1\RELEASE\INTERPRETER.OBJ
C:\Users\m.hansertvivar\Documents\Visual Studio 2010\Projects\ba_gui1\ba_gui1\Release\link.command.1.tlog
C:\Users\m.hansertvivar\Documents\Visual Studio 2010\Projects\ba_gui1\ba_gui1\Release\link.read.1.tlog
C:\Users\m.hansertvivar\Documents\Visual Studio 2010\Projects\ba_gui1\ba_gui1\Release\link.write.1.tlog
C:\USERS\M.HANSERTVIVAR\DOCUMENTS\VISUAL STUDIO 2010\PROJECTS\BA_GUI1\BA_GUI1\RELEASE\LOGGER.OBJ
C:\USERS\M.HANSERTVIVAR\DOCUMENTS\VISUAL STUDIO 2010\PROJECTS\BA_GUI1\BA_GUI1\RELEASE\MAIN.OBJ
C:\Users\m.hansertvivar\Documents\Visual Studio 2010\Projects\ba_gui1\ba_gui1\Release\mt.command.1.tlog
C:\Users\m.hansertvivar\Documents\Visual Studio 2010\Projects\ba_gui1\ba_gui1\Release\mt.read.1.tlog
C:\Users\m.hansertvivar\Documents\Visual Studio 2010\Projects\ba_gui1\ba_gui1\Release\mt.write.1.tlog
C:\USERS\M.HANSERTVIVAR\DOCUMENTS\VISUAL STUDIO 2010\PROJECTS\BA_GUI1\BA_GUI1\RELEASE\PORTHANDLER.OBJ
C:\USERS\M.HANSERTVIVAR\DOCUMENTS\VISUAL STUDIO 2010\PROJECTS\BA_GUI1\BA_GUI1\RELEASE\TESTPROPERTIES.OBJ
C:\USERS\M.HANSERTVIVAR\DOCUMENTS\VISUAL STUDIO 2010\PROJECTS\BA_GUI1\BA_GUI1\RELEASE\TOOLS.OBJ
C:\USERS\M.HANSERTVIVAR\DOCUMENTS\VISUAL STUDIO 2010\PROJECTS\BA_GUI1\BA_GUI1\RELEASE\VC100.PDB
C:\USERS\M.HANSERTVIVAR\DOCUMENTS\VISUAL STUDIO 2010\PROJECTS\BA_GUI1\BA_GUI1\RELEASE\WINDOW.OBJ
C:\USERS\M.HANSERTVIVAR\DOCUMENTS\VISUAL STUDIO 2010\PROJECTS\BA_GUI1\RELEASE\BA_GUI1.EXE
C:\USERS\M.HANSERTVIVAR\DOCUMENTS\VISUAL STUDIO 2010\PROJECTS\BA_GUI1\RELEASE\BA_GUI1.PDB
